<testsuites name="jest tests">
  <testsuite name="Add Product Page" errors="0" failures="0" skipped="0" timestamp="2018-02-02T21:50:19" time="96.841" tests="2">
    <testcase classname="Add Product Page should compile" name="Add Product Page should compile" time="73.022">
    </testcase>
    <testcase classname="Add Product Page should dispatch a productActions.Load on init" name="Add Product Page should dispatch a productActions.Load on init" time="17.309">
    </testcase>
  </testsuite>
  <testsuite name="ProductsReducer" errors="0" failures="0" skipped="0" timestamp="2018-02-02T21:51:55" time="0.311" tests="3">
    <testcase classname="ProductsReducer undefined action should return the default state" name="ProductsReducer undefined action should return the default state" time="0.006">
    </testcase>
    <testcase classname="ProductsReducer ADD should add a single product" name="ProductsReducer ADD should add a single product" time="0.003">
    </testcase>
    <testcase classname="ProductsReducer Selectors getSelectedId should return the selected id" name="ProductsReducer Selectors getSelectedId should return the selected id" time="0.002">
    </testcase>
  </testsuite>
  <testsuite name="UtilTest" errors="0" failures="0" skipped="0" timestamp="2018-02-02T21:51:56" time="0.177" tests="1">
    <testcase classname="UtilTest can check for null in lib project" name="UtilTest can check for null in lib project" time="0.002">
    </testcase>
  </testsuite>
</testsuites>